Sun Dec  4 10:12:38 CET 2016
19.125
19.0
19.062
19.5
34.25
31.562
Sun Dec  4 10:12:39 CET 2016
19.125
19.0
19.062
19.5
34.25
31.562
Sun Dec  4 10:12:40 CET 2016
19.125
19.0
19.062
19.5
34.25
31.562
Sun Dec  4 10:12:41 CET 2016
19.125
19.0
19.062
19.5
34.25
31.562
Sun Dec  4 10:12:42 CET 2016
19.125
19.0
19.062
19.5
34.25
31.562
Sun Dec  4 10:12:43 CET 2016
19.125
19.0
19.062
19.5
34.25
31.562
Sun Dec  4 10:12:44 CET 2016
19.125
19.0
19.062
19.5
34.25
31.562
Sun Dec  4 10:13:35 CET 2016
19.125
19.0
19.062
19.5
34.25
31.562
Sun Dec  4 10:43:35 CET 2016
19.125
19.0
19.062
19.5
34.25
31.562
Sun Dec  4 11:13:35 CET 2016
19.125
19.0
19.062
19.5
34.25
31.562
Sun Dec  4 11:43:35 CET 2016
19.125
19.0
19.062
19.5
34.25
31.562
Sun Dec  4 12:13:35 CET 2016
19.125
19.0
19.062
19.5
34.25
31.562
Sun Dec  4 12:43:35 CET 2016
19.125
19.0
19.062
19.5
34.25
31.562
Sun Dec  4 13:13:35 CET 2016
19.125
19.0
19.062
19.5
34.25
31.562
